

Started GET "/" for 127.0.0.1 at 2014-04-19 23:19:41 -0400
Processing by HomeController#index as HTML
Completed 500 Internal Server Error in 25ms

ActionView::MissingTemplate (Missing template home/index, application/index with {:locale=>[:en], :formats=>[:html], :handlers=>[:erb, :builder, :raw, :ruby, :jbuilder, :coffee]}. Searched in:
  * "/Users/jmao/work/git/ivygate/app/views"
):
  actionpack (4.0.2) lib/action_view/path_set.rb:46:in `find'
  actionpack (4.0.2) lib/action_view/lookup_context.rb:122:in `find'
  actionpack (4.0.2) lib/action_view/renderer/abstract_renderer.rb:18:in `find_template'
  actionpack (4.0.2) lib/action_view/renderer/template_renderer.rb:35:in `determine_template'
  actionpack (4.0.2) lib/action_view/renderer/template_renderer.rb:8:in `render'
  actionpack (4.0.2) lib/action_view/renderer/renderer.rb:42:in `render_template'
  actionpack (4.0.2) lib/action_view/renderer/renderer.rb:23:in `render'
  actionpack (4.0.2) lib/abstract_controller/rendering.rb:127:in `_render_template'
  actionpack (4.0.2) lib/action_controller/metal/streaming.rb:219:in `_render_template'
  actionpack (4.0.2) lib/abstract_controller/rendering.rb:120:in `render_to_body'
  actionpack (4.0.2) lib/action_controller/metal/rendering.rb:33:in `render_to_body'
  actionpack (4.0.2) lib/action_controller/metal/renderers.rb:26:in `render_to_body'
  actionpack (4.0.2) lib/abstract_controller/rendering.rb:97:in `render'
  actionpack (4.0.2) lib/action_controller/metal/rendering.rb:16:in `render'
  actionpack (4.0.2) lib/action_controller/metal/instrumentation.rb:41:in `block (2 levels) in render'
  activesupport (4.0.2) lib/active_support/core_ext/benchmark.rb:12:in `block in ms'
  /Users/jmao/.rvm/rubies/ruby-2.0.0-p451/lib/ruby/2.0.0/benchmark.rb:296:in `realtime'
  activesupport (4.0.2) lib/active_support/core_ext/benchmark.rb:12:in `ms'
  actionpack (4.0.2) lib/action_controller/metal/instrumentation.rb:41:in `block in render'
  actionpack (4.0.2) lib/action_controller/metal/instrumentation.rb:84:in `cleanup_view_runtime'
  activerecord (4.0.2) lib/active_record/railties/controller_runtime.rb:25:in `cleanup_view_runtime'
  actionpack (4.0.2) lib/action_controller/metal/instrumentation.rb:40:in `render'
  actionpack (4.0.2) lib/action_controller/metal/implicit_render.rb:10:in `default_render'
  actionpack (4.0.2) lib/action_controller/metal/implicit_render.rb:5:in `send_action'
  actionpack (4.0.2) lib/abstract_controller/base.rb:189:in `process_action'
  actionpack (4.0.2) lib/action_controller/metal/rendering.rb:10:in `process_action'
  actionpack (4.0.2) lib/abstract_controller/callbacks.rb:18:in `block in process_action'
  activesupport (4.0.2) lib/active_support/callbacks.rb:403:in `_run__3663113525922905017__process_action__callbacks'
  activesupport (4.0.2) lib/active_support/callbacks.rb:80:in `run_callbacks'
  actionpack (4.0.2) lib/abstract_controller/callbacks.rb:17:in `process_action'
  actionpack (4.0.2) lib/action_controller/metal/rescue.rb:29:in `process_action'
  actionpack (4.0.2) lib/action_controller/metal/instrumentation.rb:31:in `block in process_action'
  activesupport (4.0.2) lib/active_support/notifications.rb:159:in `block in instrument'
  activesupport (4.0.2) lib/active_support/notifications/instrumenter.rb:20:in `instrument'
  activesupport (4.0.2) lib/active_support/notifications.rb:159:in `instrument'
  actionpack (4.0.2) lib/action_controller/metal/instrumentation.rb:30:in `process_action'
  actionpack (4.0.2) lib/action_controller/metal/params_wrapper.rb:245:in `process_action'
  activerecord (4.0.2) lib/active_record/railties/controller_runtime.rb:18:in `process_action'
  actionpack (4.0.2) lib/abstract_controller/base.rb:136:in `process'
  actionpack (4.0.2) lib/abstract_controller/rendering.rb:44:in `process'
  actionpack (4.0.2) lib/action_controller/metal.rb:195:in `dispatch'
  actionpack (4.0.2) lib/action_controller/metal/rack_delegation.rb:13:in `dispatch'
  actionpack (4.0.2) lib/action_controller/metal.rb:231:in `block in action'
  actionpack (4.0.2) lib/action_dispatch/routing/route_set.rb:80:in `call'
  actionpack (4.0.2) lib/action_dispatch/routing/route_set.rb:80:in `dispatch'
  actionpack (4.0.2) lib/action_dispatch/routing/route_set.rb:48:in `call'
  actionpack (4.0.2) lib/action_dispatch/journey/router.rb:71:in `block in call'
  actionpack (4.0.2) lib/action_dispatch/journey/router.rb:59:in `each'
  actionpack (4.0.2) lib/action_dispatch/journey/router.rb:59:in `call'
  actionpack (4.0.2) lib/action_dispatch/routing/route_set.rb:680:in `call'
  rack (1.5.2) lib/rack/etag.rb:23:in `call'
  rack (1.5.2) lib/rack/conditionalget.rb:25:in `call'
  rack (1.5.2) lib/rack/head.rb:11:in `call'
  actionpack (4.0.2) lib/action_dispatch/middleware/params_parser.rb:27:in `call'
  actionpack (4.0.2) lib/action_dispatch/middleware/flash.rb:241:in `call'
  rack (1.5.2) lib/rack/session/abstract/id.rb:225:in `context'
  rack (1.5.2) lib/rack/session/abstract/id.rb:220:in `call'
  actionpack (4.0.2) lib/action_dispatch/middleware/cookies.rb:486:in `call'
  activerecord (4.0.2) lib/active_record/query_cache.rb:36:in `call'
  activerecord (4.0.2) lib/active_record/connection_adapters/abstract/connection_pool.rb:626:in `call'
  activerecord (4.0.2) lib/active_record/migration.rb:369:in `call'
  actionpack (4.0.2) lib/action_dispatch/middleware/callbacks.rb:29:in `block in call'
  activesupport (4.0.2) lib/active_support/callbacks.rb:373:in `_run__3974678655194807048__call__callbacks'
  activesupport (4.0.2) lib/active_support/callbacks.rb:80:in `run_callbacks'
  actionpack (4.0.2) lib/action_dispatch/middleware/callbacks.rb:27:in `call'
  actionpack (4.0.2) lib/action_dispatch/middleware/reloader.rb:64:in `call'
  actionpack (4.0.2) lib/action_dispatch/middleware/remote_ip.rb:76:in `call'
  actionpack (4.0.2) lib/action_dispatch/middleware/debug_exceptions.rb:17:in `call'
  actionpack (4.0.2) lib/action_dispatch/middleware/show_exceptions.rb:30:in `call'
  railties (4.0.2) lib/rails/rack/logger.rb:38:in `call_app'
  railties (4.0.2) lib/rails/rack/logger.rb:20:in `block in call'
  activesupport (4.0.2) lib/active_support/tagged_logging.rb:67:in `block in tagged'
  activesupport (4.0.2) lib/active_support/tagged_logging.rb:25:in `tagged'
  activesupport (4.0.2) lib/active_support/tagged_logging.rb:67:in `tagged'
  railties (4.0.2) lib/rails/rack/logger.rb:20:in `call'
  actionpack (4.0.2) lib/action_dispatch/middleware/request_id.rb:21:in `call'
  rack (1.5.2) lib/rack/methodoverride.rb:21:in `call'
  rack (1.5.2) lib/rack/runtime.rb:17:in `call'
  activesupport (4.0.2) lib/active_support/cache/strategy/local_cache.rb:83:in `call'
  rack (1.5.2) lib/rack/lock.rb:17:in `call'
  actionpack (4.0.2) lib/action_dispatch/middleware/static.rb:64:in `call'
  rack (1.5.2) lib/rack/sendfile.rb:112:in `call'
  railties (4.0.2) lib/rails/engine.rb:511:in `call'
  railties (4.0.2) lib/rails/application.rb:97:in `call'
  rack (1.5.2) lib/rack/lock.rb:17:in `call'
  rack (1.5.2) lib/rack/content_length.rb:14:in `call'
  rack (1.5.2) lib/rack/handler/webrick.rb:60:in `service'
  /Users/jmao/.rvm/rubies/ruby-2.0.0-p451/lib/ruby/2.0.0/webrick/httpserver.rb:138:in `service'
  /Users/jmao/.rvm/rubies/ruby-2.0.0-p451/lib/ruby/2.0.0/webrick/httpserver.rb:94:in `run'
  /Users/jmao/.rvm/rubies/ruby-2.0.0-p451/lib/ruby/2.0.0/webrick/server.rb:295:in `block in start_thread'


  Rendered /Users/jmao/.rvm/gems/ruby-2.0.0-p451@ivygate/gems/actionpack-4.0.2/lib/action_dispatch/middleware/templates/rescues/missing_template.erb within rescues/layout (2.9ms)


Started GET "/" for 127.0.0.1 at 2014-04-19 23:21:12 -0400
Processing by HomeController#index as HTML
Completed 500 Internal Server Error in 16ms

ActionView::MissingTemplate (Missing template home/index, application/index with {:locale=>[:en], :formats=>[:html], :handlers=>[:erb, :builder, :raw, :ruby, :jbuilder, :coffee, :haml]}. Searched in:
  * "/Users/jmao/work/git/ivygate/app/views"
):
  actionpack (4.0.2) lib/action_view/path_set.rb:46:in `find'
  actionpack (4.0.2) lib/action_view/lookup_context.rb:122:in `find'
  actionpack (4.0.2) lib/action_view/renderer/abstract_renderer.rb:18:in `find_template'
  actionpack (4.0.2) lib/action_view/renderer/template_renderer.rb:35:in `determine_template'
  actionpack (4.0.2) lib/action_view/renderer/template_renderer.rb:8:in `render'
  actionpack (4.0.2) lib/action_view/renderer/renderer.rb:42:in `render_template'
  actionpack (4.0.2) lib/action_view/renderer/renderer.rb:23:in `render'
  actionpack (4.0.2) lib/abstract_controller/rendering.rb:127:in `_render_template'
  actionpack (4.0.2) lib/action_controller/metal/streaming.rb:219:in `_render_template'
  actionpack (4.0.2) lib/abstract_controller/rendering.rb:120:in `render_to_body'
  actionpack (4.0.2) lib/action_controller/metal/rendering.rb:33:in `render_to_body'
  actionpack (4.0.2) lib/action_controller/metal/renderers.rb:26:in `render_to_body'
  actionpack (4.0.2) lib/abstract_controller/rendering.rb:97:in `render'
  actionpack (4.0.2) lib/action_controller/metal/rendering.rb:16:in `render'
  actionpack (4.0.2) lib/action_controller/metal/instrumentation.rb:41:in `block (2 levels) in render'
  activesupport (4.0.2) lib/active_support/core_ext/benchmark.rb:12:in `block in ms'
  /Users/jmao/.rvm/rubies/ruby-2.0.0-p451/lib/ruby/2.0.0/benchmark.rb:296:in `realtime'
  activesupport (4.0.2) lib/active_support/core_ext/benchmark.rb:12:in `ms'
  actionpack (4.0.2) lib/action_controller/metal/instrumentation.rb:41:in `block in render'
  actionpack (4.0.2) lib/action_controller/metal/instrumentation.rb:84:in `cleanup_view_runtime'
  activerecord (4.0.2) lib/active_record/railties/controller_runtime.rb:25:in `cleanup_view_runtime'
  actionpack (4.0.2) lib/action_controller/metal/instrumentation.rb:40:in `render'
  actionpack (4.0.2) lib/action_controller/metal/implicit_render.rb:10:in `default_render'
  actionpack (4.0.2) lib/action_controller/metal/implicit_render.rb:5:in `send_action'
  actionpack (4.0.2) lib/abstract_controller/base.rb:189:in `process_action'
  actionpack (4.0.2) lib/action_controller/metal/rendering.rb:10:in `process_action'
  actionpack (4.0.2) lib/abstract_controller/callbacks.rb:18:in `block in process_action'
  activesupport (4.0.2) lib/active_support/callbacks.rb:403:in `_run__2881390213918055925__process_action__callbacks'
  activesupport (4.0.2) lib/active_support/callbacks.rb:80:in `run_callbacks'
  actionpack (4.0.2) lib/abstract_controller/callbacks.rb:17:in `process_action'
  actionpack (4.0.2) lib/action_controller/metal/rescue.rb:29:in `process_action'
  actionpack (4.0.2) lib/action_controller/metal/instrumentation.rb:31:in `block in process_action'
  activesupport (4.0.2) lib/active_support/notifications.rb:159:in `block in instrument'
  activesupport (4.0.2) lib/active_support/notifications/instrumenter.rb:20:in `instrument'
  activesupport (4.0.2) lib/active_support/notifications.rb:159:in `instrument'
  actionpack (4.0.2) lib/action_controller/metal/instrumentation.rb:30:in `process_action'
  actionpack (4.0.2) lib/action_controller/metal/params_wrapper.rb:245:in `process_action'
  activerecord (4.0.2) lib/active_record/railties/controller_runtime.rb:18:in `process_action'
  actionpack (4.0.2) lib/abstract_controller/base.rb:136:in `process'
  actionpack (4.0.2) lib/abstract_controller/rendering.rb:44:in `process'
  actionpack (4.0.2) lib/action_controller/metal.rb:195:in `dispatch'
  actionpack (4.0.2) lib/action_controller/metal/rack_delegation.rb:13:in `dispatch'
  actionpack (4.0.2) lib/action_controller/metal.rb:231:in `block in action'
  actionpack (4.0.2) lib/action_dispatch/routing/route_set.rb:80:in `call'
  actionpack (4.0.2) lib/action_dispatch/routing/route_set.rb:80:in `dispatch'
  actionpack (4.0.2) lib/action_dispatch/routing/route_set.rb:48:in `call'
  actionpack (4.0.2) lib/action_dispatch/journey/router.rb:71:in `block in call'
  actionpack (4.0.2) lib/action_dispatch/journey/router.rb:59:in `each'
  actionpack (4.0.2) lib/action_dispatch/journey/router.rb:59:in `call'
  actionpack (4.0.2) lib/action_dispatch/routing/route_set.rb:680:in `call'
  rack (1.5.2) lib/rack/etag.rb:23:in `call'
  rack (1.5.2) lib/rack/conditionalget.rb:25:in `call'
  rack (1.5.2) lib/rack/head.rb:11:in `call'
  actionpack (4.0.2) lib/action_dispatch/middleware/params_parser.rb:27:in `call'
  actionpack (4.0.2) lib/action_dispatch/middleware/flash.rb:241:in `call'
  rack (1.5.2) lib/rack/session/abstract/id.rb:225:in `context'
  rack (1.5.2) lib/rack/session/abstract/id.rb:220:in `call'
  actionpack (4.0.2) lib/action_dispatch/middleware/cookies.rb:486:in `call'
  activerecord (4.0.2) lib/active_record/query_cache.rb:36:in `call'
  activerecord (4.0.2) lib/active_record/connection_adapters/abstract/connection_pool.rb:626:in `call'
  activerecord (4.0.2) lib/active_record/migration.rb:369:in `call'
  actionpack (4.0.2) lib/action_dispatch/middleware/callbacks.rb:29:in `block in call'
  activesupport (4.0.2) lib/active_support/callbacks.rb:373:in `_run__2927230716023407634__call__callbacks'
  activesupport (4.0.2) lib/active_support/callbacks.rb:80:in `run_callbacks'
  actionpack (4.0.2) lib/action_dispatch/middleware/callbacks.rb:27:in `call'
  actionpack (4.0.2) lib/action_dispatch/middleware/reloader.rb:64:in `call'
  actionpack (4.0.2) lib/action_dispatch/middleware/remote_ip.rb:76:in `call'
  actionpack (4.0.2) lib/action_dispatch/middleware/debug_exceptions.rb:17:in `call'
  actionpack (4.0.2) lib/action_dispatch/middleware/show_exceptions.rb:30:in `call'
  railties (4.0.2) lib/rails/rack/logger.rb:38:in `call_app'
  railties (4.0.2) lib/rails/rack/logger.rb:20:in `block in call'
  activesupport (4.0.2) lib/active_support/tagged_logging.rb:67:in `block in tagged'
  activesupport (4.0.2) lib/active_support/tagged_logging.rb:25:in `tagged'
  activesupport (4.0.2) lib/active_support/tagged_logging.rb:67:in `tagged'
  railties (4.0.2) lib/rails/rack/logger.rb:20:in `call'
  actionpack (4.0.2) lib/action_dispatch/middleware/request_id.rb:21:in `call'
  rack (1.5.2) lib/rack/methodoverride.rb:21:in `call'
  rack (1.5.2) lib/rack/runtime.rb:17:in `call'
  activesupport (4.0.2) lib/active_support/cache/strategy/local_cache.rb:83:in `call'
  rack (1.5.2) lib/rack/lock.rb:17:in `call'
  actionpack (4.0.2) lib/action_dispatch/middleware/static.rb:64:in `call'
  rack (1.5.2) lib/rack/sendfile.rb:112:in `call'
  railties (4.0.2) lib/rails/engine.rb:511:in `call'
  railties (4.0.2) lib/rails/application.rb:97:in `call'
  rack (1.5.2) lib/rack/lock.rb:17:in `call'
  rack (1.5.2) lib/rack/content_length.rb:14:in `call'
  rack (1.5.2) lib/rack/handler/webrick.rb:60:in `service'
  /Users/jmao/.rvm/rubies/ruby-2.0.0-p451/lib/ruby/2.0.0/webrick/httpserver.rb:138:in `service'
  /Users/jmao/.rvm/rubies/ruby-2.0.0-p451/lib/ruby/2.0.0/webrick/httpserver.rb:94:in `run'
  /Users/jmao/.rvm/rubies/ruby-2.0.0-p451/lib/ruby/2.0.0/webrick/server.rb:295:in `block in start_thread'


  Rendered /Users/jmao/.rvm/gems/ruby-2.0.0-p451@ivygate/gems/actionpack-4.0.2/lib/action_dispatch/middleware/templates/rescues/missing_template.erb within rescues/layout (1.1ms)


Started GET "/" for 127.0.0.1 at 2014-04-19 23:21:55 -0400
Processing by HomeController#index as HTML
  Rendered home/index.html.haml within layouts/application (1.0ms)
Completed 200 OK in 484ms (Views: 483.9ms | ActiveRecord: 0.0ms)


Started GET "/assets/application.css?body=1" for 127.0.0.1 at 2014-04-19 23:21:56 -0400


Started GET "/assets/jquery_ujs.js?body=1" for 127.0.0.1 at 2014-04-19 23:21:56 -0400


Started GET "/assets/application.js?body=1" for 127.0.0.1 at 2014-04-19 23:21:56 -0400


Started GET "/assets/turbolinks.js?body=1" for 127.0.0.1 at 2014-04-19 23:21:56 -0400


Started GET "/assets/jquery.js?body=1" for 127.0.0.1 at 2014-04-19 23:21:56 -0400


Started GET "/" for 127.0.0.1 at 2014-04-19 23:40:08 -0400
Processing by HomeController#index as HTML
  Rendered home/index.html.haml within layouts/application (0.1ms)
Completed 200 OK in 166ms (Views: 165.4ms | ActiveRecord: 0.0ms)


Started GET "/assets/baseCss.css?body=1" for 127.0.0.1 at 2014-04-19 23:40:08 -0400


Started GET "/assets/header.css?body=1" for 127.0.0.1 at 2014-04-19 23:40:08 -0400


Started GET "/assets/custom_style.css?body=1" for 127.0.0.1 at 2014-04-19 23:40:08 -0400


Started GET "/assets/jquery.jcarousel.css?body=1" for 127.0.0.1 at 2014-04-19 23:40:08 -0400


Started GET "/assets/focusCss.css?body=1" for 127.0.0.1 at 2014-04-19 23:40:08 -0400


Started GET "/assets/leftNavCss.css?body=1" for 127.0.0.1 at 2014-04-19 23:40:08 -0400


Started GET "/assets/searchCss.css?body=1" for 127.0.0.1 at 2014-04-19 23:40:08 -0400


Started GET "/assets/application.css?body=1" for 127.0.0.1 at 2014-04-19 23:40:08 -0400


Started GET "/assets/analytics.js?body=1" for 127.0.0.1 at 2014-04-19 23:40:08 -0400


Started GET "/assets/drop_down.js?body=1" for 127.0.0.1 at 2014-04-19 23:40:08 -0400


Started GET "/assets/header.js?body=1" for 127.0.0.1 at 2014-04-19 23:40:08 -0400


Started GET "/assets/jquery.curvycorners.packed.js?body=1" for 127.0.0.1 at 2014-04-19 23:40:08 -0400


Started GET "/assets/jquery.jcarousel.pack.js?body=1" for 127.0.0.1 at 2014-04-19 23:40:08 -0400


Started GET "/assets/swfobject.js?body=1" for 127.0.0.1 at 2014-04-19 23:40:08 -0400


Started GET "/assets/windowOnloadMgr.js?body=1" for 127.0.0.1 at 2014-04-19 23:40:08 -0400


Started GET "/assets/jquery.js?body=1" for 127.0.0.1 at 2014-04-19 23:40:08 -0400


Started GET "/assets/jquery_ujs.js?body=1" for 127.0.0.1 at 2014-04-19 23:40:08 -0400


Started GET "/assets/turbolinks.js?body=1" for 127.0.0.1 at 2014-04-19 23:40:08 -0400


Started GET "/assets/application.js?body=1" for 127.0.0.1 at 2014-04-19 23:40:08 -0400


Started GET "/" for 127.0.0.1 at 2014-04-19 23:43:01 -0400
Processing by HomeController#index as HTML
  Rendered home/index.html.haml within layouts/application (2.3ms)
Completed 500 Internal Server Error in 5ms

ActionView::Template::Error (Indenting at the beginning of the document is illegal.):
    1:     <div id="wrapper">
    2:         <div id="bodyWrapper">
    3:             <div id="page" class="hasCorners" style="padding: 0px; overflow: visible; position: relative; border-top-width: 0px; border-bottom-width: 0px; background-position: 0px -7px;"><div class="bottomContainer" style="width: 100%; font-size: 1px; overflow: hidden; position: absolute; padding-left: 0px; padding-right: 0px; height: 6px; bottom: -6px; left: 0px;"><div style="height: 6px; width: 6px; position: absolute; font-size: 1px; overflow: hidden; bottom: 0px; right: 0px;"><div class="hasBackgroundColor" style="height: 5px; width: 1px; position: absolute; font-size: 1px; overflow: hidden; background-color: rgb(255, 255, 255); top: 0px; left: 0px;"></div><div style="height: 1px; width: 1px; position: absolute; font-size: 1px; overflow: hidden; background-color: rgba(255, 255, 255, 0.960784); top: 5px; left: 0px;"></div><div class="hasBackgroundColor" style="height: 5px; width: 1px; position: absolute; font-size: 1px; overflow: hidden; background-color: rgb(255, 255, 255); top: 0px; left: 1px;"></div><div style="height: 1px; width: 1px; position: absolute; font-size: 1px; overflow: hidden; background-color: rgba(255, 255, 255, 0.788235); top: 5px; left: 1px;"></div><div class="hasBackgroundColor" style="height: 5px; width: 1px; position: absolute; font-size: 1px; overflow: hidden; background-color: rgb(255, 255, 255); top: 0px; left: 2px;"></div><div style="height: 1px; width: 1px; position: absolute; font-size: 1px; overflow: hidden; background-color: rgba(255, 255, 255, 0.427451); top: 5px; left: 2px;"></div><div class="hasBackgroundColor" style="height: 4px; width: 1px; position: absolute; font-size: 1px; overflow: hidden; background-color: rgb(255, 255, 255); top: 0px; left: 3px;"></div><div style="height: 1px; width: 1px; position: absolute; font-size: 1px; overflow: hidden; background-color: rgba(255, 255, 255, 0.819608); top: 4px; left: 3px;"></div><div style="height: 1px; width: 1px; position: absolute; font-size: 1px; overflow: hidden; background-color: rgba(255, 255, 255, 0.027451); top: 5px; left: 3px;"></div><div class="hasBackgroundColor" style="height: 3px; width: 1px; position: absolute; font-size: 1px; overflow: hidden; background-color: rgb(255, 255, 255); top: 0px; left: 4px;"></div><div style="height: 1px; width: 1px; position: absolute; font-size: 1px; overflow: hidden; background-color: rgba(255, 255, 255, 0.819608); top: 3px; left: 4px;"></div><div style="height: 1px; width: 1px; position: absolute; font-size: 1px; overflow: hidden; background-color: rgba(255, 255, 255, 0.109804); top: 4px; left: 4px;"></div><div style="height: 1px; width: 1px; position: absolute; font-size: 1px; overflow: hidden; background-color: rgba(255, 255, 255, 0.960784); top: 0px; left: 5px;"></div><div style="height: 1px; width: 1px; position: absolute; font-size: 1px; overflow: hidden; background-color: rgba(255, 255, 255, 0.788235); top: 1px; left: 5px;"></div><div style="height: 1px; width: 1px; position: absolute; font-size: 1px; overflow: hidden; background-color: rgba(255, 255, 255, 0.427451); top: 2px; left: 5px;"></div><div style="height: 1px; width: 1px; position: absolute; font-size: 1px; overflow: hidden; background-color: rgba(255, 255, 255, 0.027451); top: 3px; left: 5px;"></div></div><div style="height: 6px; width: 6px; position: absolute; font-size: 1px; overflow: hidden; bottom: 0px; left: 0px;"><div class="hasBackgroundColor" style="height: 5px; width: 1px; position: absolute; font-size: 1px; overflow: hidden; background-color: rgb(255, 255, 255); top: 0px; left: 5px; background-position: -5px -1358px;"></div><div style="height: 1px; width: 1px; position: absolute; font-size: 1px; overflow: hidden; background-color: rgba(255, 255, 255, 0.960784); top: 5px; left: 5px; background-position: -5px -1358px;"></div><div class="hasBackgroundColor" style="height: 5px; width: 1px; position: absolute; font-size: 1px; overflow: hidden; background-color: rgb(255, 255, 255); top: 0px; left: 4px; background-position: -4px -1358px;"></div><div style="height: 1px; width: 1px; position: absolute; font-size: 1px; overflow: hidden; background-color: rgba(255, 255, 255, 0.788235); top: 5px; left: 4px; background-position: -4px -1358px;"></div><div class="hasBackgroundColor" style="height: 5px; width: 1px; position: absolute; font-size: 1px; overflow: hidden; background-color: rgb(255, 255, 255); top: 0px; left: 3px; background-position: -3px -1358px;"></div><div style="height: 1px; width: 1px; position: absolute; font-size: 1px; overflow: hidden; background-color: rgba(255, 255, 255, 0.427451); top: 5px; left: 3px; background-position: -3px -1358px;"></div><div class="hasBackgroundColor" style="height: 4px; width: 1px; position: absolute; font-size: 1px; overflow: hidden; background-color: rgb(255, 255, 255); top: 0px; left: 2px; background-position: -2px -1358px;"></div><div style="height: 1px; width: 1px; position: absolute; font-size: 1px; overflow: hidden; background-color: rgba(255, 255, 255, 0.819608); top: 4px; left: 2px; background-position: -2px -1358px;"></div><div style="height: 1px; width: 1px; position: absolute; font-size: 1px; overflow: hidden; background-color: rgba(255, 255, 255, 0.027451); top: 5px; left: 2px; background-position: -2px -1358px;"></div><div class="hasBackgroundColor" style="height: 3px; width: 1px; position: absolute; font-size: 1px; overflow: hidden; background-color: rgb(255, 255, 255); top: 0px; left: 1px; background-position: -1px -1358px;"></div><div style="height: 1px; width: 1px; position: absolute; font-size: 1px; overflow: hidden; background-color: rgba(255, 255, 255, 0.819608); top: 3px; left: 1px; background-position: -1px -1358px;"></div><div style="height: 1px; width: 1px; position: absolute; font-size: 1px; overflow: hidden; background-color: rgba(255, 255, 255, 0.109804); top: 4px; left: 1px; background-position: -1px -1358px;"></div><div style="height: 1px; width: 1px; position: absolute; font-size: 1px; overflow: hidden; background-color: rgba(255, 255, 255, 0.960784); top: 0px; left: 0px; background-position: 0px -1358px;"></div><div style="height: 1px; width: 1px; position: absolute; font-size: 1px; overflow: hidden; background-color: rgba(255, 255, 255, 0.788235); top: 1px; left: 0px; background-position: 0px -1358px;"></div><div style="height: 1px; width: 1px; position: absolute; font-size: 1px; overflow: hidden; background-color: rgba(255, 255, 255, 0.427451); top: 2px; left: 0px; background-position: 0px -1358px;"></div><div style="height: 1px; width: 1px; position: absolute; font-size: 1px; overflow: hidden; background-color: rgba(255, 255, 255, 0.027451); top: 3px; left: 0px; background-position: 0px -1358px;"></div></div><div class="hasBackgroundColor" style="position: relative; font-size: 1px; overflow: hidden; background-color: rgb(255, 255, 255); height: 6px; margin-left: 6px; margin-right: 6px; border-bottom-width: 0px; border-bottom-style: solid; border-bottom-color: rgb(0, 0, 0); background-position: -6px -1351px; background-repeat: repeat repeat;"></div></div><div class="topContainer" style="width: 100%; font-size: 1px; overflow: hidden; position: absolute; padding-left: 0px; padding-right: 0px; height: 6px; top: -6px; left: 0px;"><div style="height: 6px; width: 6px; position: absolute; font-size: 1px; overflow: hidden; top: 0px; right: 0px;"><div class="hasBackgroundColor" style="height: 5px; width: 1px; position: absolute; font-size: 1px; overflow: hidden; background-color: rgb(255, 255, 255); top: 1px; left: 0px; background-position: -979px -1px;"></div><div style="height: 1px; width: 1px; position: absolute; font-size: 1px; overflow: hidden; background-color: rgba(255, 255, 255, 0.960784); top: 0px; left: 0px; background-position: -979px 0px;"></div><div class="hasBackgroundColor" style="height: 5px; width: 1px; position: absolute; font-size: 1px; overflow: hidden; background-color: rgb(255, 255, 255); top: 1px; left: 1px; background-position: -980px -1px;"></div><div style="height: 1px; width: 1px; position: absolute; font-size: 1px; overflow: hidden; background-color: rgba(255, 255, 255, 0.788235); top: 0px; left: 1px; background-position: -980px 0px;"></div><div class="hasBackgroundColor" style="height: 5px; width: 1px; position: absolute; font-size: 1px; overflow: hidden; background-color: rgb(255, 255, 255); top: 1px; left: 2px; background-position: -981px -1px;"></div><div style="height: 1px; width: 1px; position: absolute; font-size: 1px; overflow: hidden; background-color: rgba(255, 255, 255, 0.427451); top: 0px; left: 2px; background-position: -981px 0px;"></div><div class="hasBackgroundColor" style="height: 4px; width: 1px; position: absolute; font-size: 1px; overflow: hidden; background-color: rgb(255, 255, 255); top: 2px; left: 3px; background-position: -982px -2px;"></div><div style="height: 1px; width: 1px; position: absolute; font-size: 1px; overflow: hidden; background-color: rgba(255, 255, 255, 0.819608); top: 1px; left: 3px; background-position: -982px -1px;"></div><div style="height: 1px; width: 1px; position: absolute; font-size: 1px; overflow: hidden; background-color: rgba(255, 255, 255, 0.027451); top: 0px; left: 3px; background-position: -982px 0px;"></div><div class="hasBackgroundColor" style="height: 3px; width: 1px; position: absolute; font-size: 1px; overflow: hidden; background-color: rgb(255, 255, 255); top: 3px; left: 4px; background-position: -983px -3px;"></div><div style="height: 1px; width: 1px; position: absolute; font-size: 1px; overflow: hidden; background-color: rgba(255, 255, 255, 0.819608); top: 2px; left: 4px; background-position: -983px -2px;"></div><div style="height: 1px; width: 1px; position: absolute; font-size: 1px; overflow: hidden; background-color: rgba(255, 255, 255, 0.109804); top: 1px; left: 4px; background-position: -983px -1px;"></div><div style="height: 1px; width: 1px; position: absolute; font-size: 1px; overflow: hidden; background-color: rgba(255, 255, 255, 0.960784); top: 5px; left: 5px; background-position: -984px -5px;"></div><div style="height: 1px; width: 1px; position: absolute; font-size: 1px; overflow: hidden; background-color: rgba(255, 255, 255, 0.788235); top: 4px; left: 5px; background-position: -984px -4px;"></div><div style="height: 1px; width: 1px; position: absolute; font-size: 1px; overflow: hidden; background-color: rgba(255, 255, 255, 0.427451); top: 3px; left: 5px; background-position: -984px -3px;"></div><div style="height: 1px; width: 1px; position: absolute; font-size: 1px; overflow: hidden; background-color: rgba(255, 255, 255, 0.027451); top: 2px; left: 5px; background-position: -984px -2px;"></div></div><div style="height: 6px; width: 6px; position: absolute; font-size: 1px; overflow: hidden; top: 0px; left: 0px;"><div class="hasBackgroundColor" style="height: 5px; width: 1px; position: absolute; font-size: 1px; overflow: hidden; background-color: rgb(255, 255, 255); top: 1px; left: 5px; background-position: -5px -1px;"></div><div style="height: 1px; width: 1px; position: absolute; font-size: 1px; overflow: hidden; background-color: rgba(255, 255, 255, 0.960784); top: 0px; left: 5px; background-position: -5px 0px;"></div><div class="hasBackgroundColor" style="height: 5px; width: 1px; position: absolute; font-size: 1px; overflow: hidden; background-color: rgb(255, 255, 255); top: 1px; left: 4px; background-position: -4px -1px;"></div><div style="height: 1px; width: 1px; position: absolute; font-size: 1px; overflow: hidden; background-color: rgba(255, 255, 255, 0.788235); top: 0px; left: 4px; background-position: -4px 0px;"></div><div class="hasBackgroundColor" style="height: 5px; width: 1px; position: absolute; font-size: 1px; overflow: hidden; background-color: rgb(255, 255, 255); top: 1px; left: 3px; background-position: -3px -1px;"></div><div style="height: 1px; width: 1px; position: absolute; font-size: 1px; overflow: hidden; background-color: rgba(255, 255, 255, 0.427451); top: 0px; left: 3px; background-position: -3px 0px;"></div><div class="hasBackgroundColor" style="height: 4px; width: 1px; position: absolute; font-size: 1px; overflow: hidden; background-color: rgb(255, 255, 255); top: 2px; left: 2px; background-position: -2px -2px;"></div><div style="height: 1px; width: 1px; position: absolute; font-size: 1px; overflow: hidden; background-color: rgba(255, 255, 255, 0.819608); top: 1px; left: 2px; background-position: -2px -1px;"></div><div style="height: 1px; width: 1px; position: absolute; font-size: 1px; overflow: hidden; background-color: rgba(255, 255, 255, 0.027451); top: 0px; left: 2px; background-position: -2px 0px;"></div><div class="hasBackgroundColor" style="height: 3px; width: 1px; position: absolute; font-size: 1px; overflow: hidden; background-color: rgb(255, 255, 255); top: 3px; left: 1px; background-position: -1px -3px;"></div><div style="height: 1px; width: 1px; position: absolute; font-size: 1px; overflow: hidden; background-color: rgba(255, 255, 255, 0.819608); top: 2px; left: 1px; background-position: -1px -2px;"></div><div style="height: 1px; width: 1px; position: absolute; font-size: 1px; overflow: hidden; background-color: rgba(255, 255, 255, 0.109804); top: 1px; left: 1px; background-position: -1px -1px;"></div><div style="height: 1px; width: 1px; position: absolute; font-size: 1px; overflow: hidden; background-color: rgba(255, 255, 255, 0.960784); top: 5px; left: 0px; background-position: 0px -5px;"></div><div style="height: 1px; width: 1px; position: absolute; font-size: 1px; overflow: hidden; background-color: rgba(255, 255, 255, 0.788235); top: 4px; left: 0px; background-position: 0px -4px;"></div><div style="height: 1px; width: 1px; position: absolute; font-size: 1px; overflow: hidden; background-color: rgba(255, 255, 255, 0.427451); top: 3px; left: 0px; background-position: 0px -3px;"></div><div style="height: 1px; width: 1px; position: absolute; font-size: 1px; overflow: hidden; background-color: rgba(255, 255, 255, 0.027451); top: 2px; left: 0px; background-position: 0px -2px;"></div></div><div class="hasBackgroundColor" style="position: relative; font-size: 1px; overflow: hidden; background-color: rgb(255, 255, 255); height: 6px; margin-left: 6px; margin-right: 6px; border-top-width: 0px; border-top-style: solid; border-top-color: rgb(0, 0, 0); background-repeat: repeat repeat;"></div></div>
    4:                 <div id="header">
  app/views/home/index.html.haml:1


  Rendered /Users/jmao/.rvm/gems/ruby-2.0.0-p451@ivygate/gems/actionpack-4.0.2/lib/action_dispatch/middleware/templates/rescues/_trace.erb (1.2ms)
  Rendered /Users/jmao/.rvm/gems/ruby-2.0.0-p451@ivygate/gems/actionpack-4.0.2/lib/action_dispatch/middleware/templates/rescues/_request_and_response.erb (0.9ms)
  Rendered /Users/jmao/.rvm/gems/ruby-2.0.0-p451@ivygate/gems/actionpack-4.0.2/lib/action_dispatch/middleware/templates/rescues/template_error.erb within rescues/layout (17.4ms)


Started GET "/" for 127.0.0.1 at 2014-04-19 23:43:45 -0400
Processing by HomeController#index as HTML
  Rendered home/index.html.haml within layouts/application (2.6ms)
Completed 500 Internal Server Error in 5ms

ActionView::Template::Error (Illegal nesting: nesting within plain text is illegal.):
    1: <div id="wrapper">
    2:     <div id="bodyWrapper">
    3:         <div id="page" class="hasCorners" style="padding: 0px; overflow: visible; position: relative; border-top-width: 0px; border-bottom-width: 0px; background-position: 0px -7px;"><div class="bottomContainer" style="width: 100%; font-size: 1px; overflow: hidden; position: absolute; padding-left: 0px; padding-right: 0px; height: 6px; bottom: -6px; left: 0px;"><div style="height: 6px; width: 6px; position: absolute; font-size: 1px; overflow: hidden; bottom: 0px; right: 0px;"><div class="hasBackgroundColor" style="height: 5px; width: 1px; position: absolute; font-size: 1px; overflow: hidden; background-color: rgb(255, 255, 255); top: 0px; left: 0px;"></div><div style="height: 1px; width: 1px; position: absolute; font-size: 1px; overflow: hidden; background-color: rgba(255, 255, 255, 0.960784); top: 5px; left: 0px;"></div><div class="hasBackgroundColor" style="height: 5px; width: 1px; position: absolute; font-size: 1px; overflow: hidden; background-color: rgb(255, 255, 255); top: 0px; left: 1px;"></div><div style="height: 1px; width: 1px; position: absolute; font-size: 1px; overflow: hidden; background-color: rgba(255, 255, 255, 0.788235); top: 5px; left: 1px;"></div><div class="hasBackgroundColor" style="height: 5px; width: 1px; position: absolute; font-size: 1px; overflow: hidden; background-color: rgb(255, 255, 255); top: 0px; left: 2px;"></div><div style="height: 1px; width: 1px; position: absolute; font-size: 1px; overflow: hidden; background-color: rgba(255, 255, 255, 0.427451); top: 5px; left: 2px;"></div><div class="hasBackgroundColor" style="height: 4px; width: 1px; position: absolute; font-size: 1px; overflow: hidden; background-color: rgb(255, 255, 255); top: 0px; left: 3px;"></div><div style="height: 1px; width: 1px; position: absolute; font-size: 1px; overflow: hidden; background-color: rgba(255, 255, 255, 0.819608); top: 4px; left: 3px;"></div><div style="height: 1px; width: 1px; position: absolute; font-size: 1px; overflow: hidden; background-color: rgba(255, 255, 255, 0.027451); top: 5px; left: 3px;"></div><div class="hasBackgroundColor" style="height: 3px; width: 1px; position: absolute; font-size: 1px; overflow: hidden; background-color: rgb(255, 255, 255); top: 0px; left: 4px;"></div><div style="height: 1px; width: 1px; position: absolute; font-size: 1px; overflow: hidden; background-color: rgba(255, 255, 255, 0.819608); top: 3px; left: 4px;"></div><div style="height: 1px; width: 1px; position: absolute; font-size: 1px; overflow: hidden; background-color: rgba(255, 255, 255, 0.109804); top: 4px; left: 4px;"></div><div style="height: 1px; width: 1px; position: absolute; font-size: 1px; overflow: hidden; background-color: rgba(255, 255, 255, 0.960784); top: 0px; left: 5px;"></div><div style="height: 1px; width: 1px; position: absolute; font-size: 1px; overflow: hidden; background-color: rgba(255, 255, 255, 0.788235); top: 1px; left: 5px;"></div><div style="height: 1px; width: 1px; position: absolute; font-size: 1px; overflow: hidden; background-color: rgba(255, 255, 255, 0.427451); top: 2px; left: 5px;"></div><div style="height: 1px; width: 1px; position: absolute; font-size: 1px; overflow: hidden; background-color: rgba(255, 255, 255, 0.027451); top: 3px; left: 5px;"></div></div><div style="height: 6px; width: 6px; position: absolute; font-size: 1px; overflow: hidden; bottom: 0px; left: 0px;"><div class="hasBackgroundColor" style="height: 5px; width: 1px; position: absolute; font-size: 1px; overflow: hidden; background-color: rgb(255, 255, 255); top: 0px; left: 5px; background-position: -5px -1358px;"></div><div style="height: 1px; width: 1px; position: absolute; font-size: 1px; overflow: hidden; background-color: rgba(255, 255, 255, 0.960784); top: 5px; left: 5px; background-position: -5px -1358px;"></div><div class="hasBackgroundColor" style="height: 5px; width: 1px; position: absolute; font-size: 1px; overflow: hidden; background-color: rgb(255, 255, 255); top: 0px; left: 4px; background-position: -4px -1358px;"></div><div style="height: 1px; width: 1px; position: absolute; font-size: 1px; overflow: hidden; background-color: rgba(255, 255, 255, 0.788235); top: 5px; left: 4px; background-position: -4px -1358px;"></div><div class="hasBackgroundColor" style="height: 5px; width: 1px; position: absolute; font-size: 1px; overflow: hidden; background-color: rgb(255, 255, 255); top: 0px; left: 3px; background-position: -3px -1358px;"></div><div style="height: 1px; width: 1px; position: absolute; font-size: 1px; overflow: hidden; background-color: rgba(255, 255, 255, 0.427451); top: 5px; left: 3px; background-position: -3px -1358px;"></div><div class="hasBackgroundColor" style="height: 4px; width: 1px; position: absolute; font-size: 1px; overflow: hidden; background-color: rgb(255, 255, 255); top: 0px; left: 2px; background-position: -2px -1358px;"></div><div style="height: 1px; width: 1px; position: absolute; font-size: 1px; overflow: hidden; background-color: rgba(255, 255, 255, 0.819608); top: 4px; left: 2px; background-position: -2px -1358px;"></div><div style="height: 1px; width: 1px; position: absolute; font-size: 1px; overflow: hidden; background-color: rgba(255, 255, 255, 0.027451); top: 5px; left: 2px; background-position: -2px -1358px;"></div><div class="hasBackgroundColor" style="height: 3px; width: 1px; position: absolute; font-size: 1px; overflow: hidden; background-color: rgb(255, 255, 255); top: 0px; left: 1px; background-position: -1px -1358px;"></div><div style="height: 1px; width: 1px; position: absolute; font-size: 1px; overflow: hidden; background-color: rgba(255, 255, 255, 0.819608); top: 3px; left: 1px; background-position: -1px -1358px;"></div><div style="height: 1px; width: 1px; position: absolute; font-size: 1px; overflow: hidden; background-color: rgba(255, 255, 255, 0.109804); top: 4px; left: 1px; background-position: -1px -1358px;"></div><div style="height: 1px; width: 1px; position: absolute; font-size: 1px; overflow: hidden; background-color: rgba(255, 255, 255, 0.960784); top: 0px; left: 0px; background-position: 0px -1358px;"></div><div style="height: 1px; width: 1px; position: absolute; font-size: 1px; overflow: hidden; background-color: rgba(255, 255, 255, 0.788235); top: 1px; left: 0px; background-position: 0px -1358px;"></div><div style="height: 1px; width: 1px; position: absolute; font-size: 1px; overflow: hidden; background-color: rgba(255, 255, 255, 0.427451); top: 2px; left: 0px; background-position: 0px -1358px;"></div><div style="height: 1px; width: 1px; position: absolute; font-size: 1px; overflow: hidden; background-color: rgba(255, 255, 255, 0.027451); top: 3px; left: 0px; background-position: 0px -1358px;"></div></div><div class="hasBackgroundColor" style="position: relative; font-size: 1px; overflow: hidden; background-color: rgb(255, 255, 255); height: 6px; margin-left: 6px; margin-right: 6px; border-bottom-width: 0px; border-bottom-style: solid; border-bottom-color: rgb(0, 0, 0); background-position: -6px -1351px; background-repeat: repeat repeat;"></div></div><div class="topContainer" style="width: 100%; font-size: 1px; overflow: hidden; position: absolute; padding-left: 0px; padding-right: 0px; height: 6px; top: -6px; left: 0px;"><div style="height: 6px; width: 6px; position: absolute; font-size: 1px; overflow: hidden; top: 0px; right: 0px;"><div class="hasBackgroundColor" style="height: 5px; width: 1px; position: absolute; font-size: 1px; overflow: hidden; background-color: rgb(255, 255, 255); top: 1px; left: 0px; background-position: -979px -1px;"></div><div style="height: 1px; width: 1px; position: absolute; font-size: 1px; overflow: hidden; background-color: rgba(255, 255, 255, 0.960784); top: 0px; left: 0px; background-position: -979px 0px;"></div><div class="hasBackgroundColor" style="height: 5px; width: 1px; position: absolute; font-size: 1px; overflow: hidden; background-color: rgb(255, 255, 255); top: 1px; left: 1px; background-position: -980px -1px;"></div><div style="height: 1px; width: 1px; position: absolute; font-size: 1px; overflow: hidden; background-color: rgba(255, 255, 255, 0.788235); top: 0px; left: 1px; background-position: -980px 0px;"></div><div class="hasBackgroundColor" style="height: 5px; width: 1px; position: absolute; font-size: 1px; overflow: hidden; background-color: rgb(255, 255, 255); top: 1px; left: 2px; background-position: -981px -1px;"></div><div style="height: 1px; width: 1px; position: absolute; font-size: 1px; overflow: hidden; background-color: rgba(255, 255, 255, 0.427451); top: 0px; left: 2px; background-position: -981px 0px;"></div><div class="hasBackgroundColor" style="height: 4px; width: 1px; position: absolute; font-size: 1px; overflow: hidden; background-color: rgb(255, 255, 255); top: 2px; left: 3px; background-position: -982px -2px;"></div><div style="height: 1px; width: 1px; position: absolute; font-size: 1px; overflow: hidden; background-color: rgba(255, 255, 255, 0.819608); top: 1px; left: 3px; background-position: -982px -1px;"></div><div style="height: 1px; width: 1px; position: absolute; font-size: 1px; overflow: hidden; background-color: rgba(255, 255, 255, 0.027451); top: 0px; left: 3px; background-position: -982px 0px;"></div><div class="hasBackgroundColor" style="height: 3px; width: 1px; position: absolute; font-size: 1px; overflow: hidden; background-color: rgb(255, 255, 255); top: 3px; left: 4px; background-position: -983px -3px;"></div><div style="height: 1px; width: 1px; position: absolute; font-size: 1px; overflow: hidden; background-color: rgba(255, 255, 255, 0.819608); top: 2px; left: 4px; background-position: -983px -2px;"></div><div style="height: 1px; width: 1px; position: absolute; font-size: 1px; overflow: hidden; background-color: rgba(255, 255, 255, 0.109804); top: 1px; left: 4px; background-position: -983px -1px;"></div><div style="height: 1px; width: 1px; position: absolute; font-size: 1px; overflow: hidden; background-color: rgba(255, 255, 255, 0.960784); top: 5px; left: 5px; background-position: -984px -5px;"></div><div style="height: 1px; width: 1px; position: absolute; font-size: 1px; overflow: hidden; background-color: rgba(255, 255, 255, 0.788235); top: 4px; left: 5px; background-position: -984px -4px;"></div><div style="height: 1px; width: 1px; position: absolute; font-size: 1px; overflow: hidden; background-color: rgba(255, 255, 255, 0.427451); top: 3px; left: 5px; background-position: -984px -3px;"></div><div style="height: 1px; width: 1px; position: absolute; font-size: 1px; overflow: hidden; background-color: rgba(255, 255, 255, 0.027451); top: 2px; left: 5px; background-position: -984px -2px;"></div></div><div style="height: 6px; width: 6px; position: absolute; font-size: 1px; overflow: hidden; top: 0px; left: 0px;"><div class="hasBackgroundColor" style="height: 5px; width: 1px; position: absolute; font-size: 1px; overflow: hidden; background-color: rgb(255, 255, 255); top: 1px; left: 5px; background-position: -5px -1px;"></div><div style="height: 1px; width: 1px; position: absolute; font-size: 1px; overflow: hidden; background-color: rgba(255, 255, 255, 0.960784); top: 0px; left: 5px; background-position: -5px 0px;"></div><div class="hasBackgroundColor" style="height: 5px; width: 1px; position: absolute; font-size: 1px; overflow: hidden; background-color: rgb(255, 255, 255); top: 1px; left: 4px; background-position: -4px -1px;"></div><div style="height: 1px; width: 1px; position: absolute; font-size: 1px; overflow: hidden; background-color: rgba(255, 255, 255, 0.788235); top: 0px; left: 4px; background-position: -4px 0px;"></div><div class="hasBackgroundColor" style="height: 5px; width: 1px; position: absolute; font-size: 1px; overflow: hidden; background-color: rgb(255, 255, 255); top: 1px; left: 3px; background-position: -3px -1px;"></div><div style="height: 1px; width: 1px; position: absolute; font-size: 1px; overflow: hidden; background-color: rgba(255, 255, 255, 0.427451); top: 0px; left: 3px; background-position: -3px 0px;"></div><div class="hasBackgroundColor" style="height: 4px; width: 1px; position: absolute; font-size: 1px; overflow: hidden; background-color: rgb(255, 255, 255); top: 2px; left: 2px; background-position: -2px -2px;"></div><div style="height: 1px; width: 1px; position: absolute; font-size: 1px; overflow: hidden; background-color: rgba(255, 255, 255, 0.819608); top: 1px; left: 2px; background-position: -2px -1px;"></div><div style="height: 1px; width: 1px; position: absolute; font-size: 1px; overflow: hidden; background-color: rgba(255, 255, 255, 0.027451); top: 0px; left: 2px; background-position: -2px 0px;"></div><div class="hasBackgroundColor" style="height: 3px; width: 1px; position: absolute; font-size: 1px; overflow: hidden; background-color: rgb(255, 255, 255); top: 3px; left: 1px; background-position: -1px -3px;"></div><div style="height: 1px; width: 1px; position: absolute; font-size: 1px; overflow: hidden; background-color: rgba(255, 255, 255, 0.819608); top: 2px; left: 1px; background-position: -1px -2px;"></div><div style="height: 1px; width: 1px; position: absolute; font-size: 1px; overflow: hidden; background-color: rgba(255, 255, 255, 0.109804); top: 1px; left: 1px; background-position: -1px -1px;"></div><div style="height: 1px; width: 1px; position: absolute; font-size: 1px; overflow: hidden; background-color: rgba(255, 255, 255, 0.960784); top: 5px; left: 0px; background-position: 0px -5px;"></div><div style="height: 1px; width: 1px; position: absolute; font-size: 1px; overflow: hidden; background-color: rgba(255, 255, 255, 0.788235); top: 4px; left: 0px; background-position: 0px -4px;"></div><div style="height: 1px; width: 1px; position: absolute; font-size: 1px; overflow: hidden; background-color: rgba(255, 255, 255, 0.427451); top: 3px; left: 0px; background-position: 0px -3px;"></div><div style="height: 1px; width: 1px; position: absolute; font-size: 1px; overflow: hidden; background-color: rgba(255, 255, 255, 0.027451); top: 2px; left: 0px; background-position: 0px -2px;"></div></div><div class="hasBackgroundColor" style="position: relative; font-size: 1px; overflow: hidden; background-color: rgb(255, 255, 255); height: 6px; margin-left: 6px; margin-right: 6px; border-top-width: 0px; border-top-style: solid; border-top-color: rgb(0, 0, 0); background-repeat: repeat repeat;"></div></div>
    4:             <div id="header">
    5:                 
  app/views/home/index.html.haml:2


  Rendered /Users/jmao/.rvm/gems/ruby-2.0.0-p451@ivygate/gems/actionpack-4.0.2/lib/action_dispatch/middleware/templates/rescues/_trace.erb (27.3ms)
  Rendered /Users/jmao/.rvm/gems/ruby-2.0.0-p451@ivygate/gems/actionpack-4.0.2/lib/action_dispatch/middleware/templates/rescues/_request_and_response.erb (1.3ms)
  Rendered /Users/jmao/.rvm/gems/ruby-2.0.0-p451@ivygate/gems/actionpack-4.0.2/lib/action_dispatch/middleware/templates/rescues/template_error.erb within rescues/layout (40.0ms)


Started GET "/" for 127.0.0.1 at 2014-04-19 23:48:28 -0400
Processing by HomeController#index as HTML
  Rendered home/_header.html (1.1ms)
  Rendered home/index.html.haml within layouts/application (6.6ms)
Completed 200 OK in 14ms (Views: 13.5ms | ActiveRecord: 0.0ms)


Started GET "/assets/application.css?body=1" for 127.0.0.1 at 2014-04-19 23:48:28 -0400


Started GET "/assets/custom_style.css?body=1" for 127.0.0.1 at 2014-04-19 23:48:28 -0400


Started GET "/assets/focusCss.css?body=1" for 127.0.0.1 at 2014-04-19 23:48:28 -0400


Started GET "/assets/leftNavCss.css?body=1" for 127.0.0.1 at 2014-04-19 23:48:28 -0400


Started GET "/assets/header.css?body=1" for 127.0.0.1 at 2014-04-19 23:48:28 -0400


Started GET "/assets/jquery.jcarousel.css?body=1" for 127.0.0.1 at 2014-04-19 23:48:28 -0400


Started GET "/assets/baseCss.css?body=1" for 127.0.0.1 at 2014-04-19 23:48:28 -0400


Started GET "/assets/jquery.js?body=1" for 127.0.0.1 at 2014-04-19 23:48:28 -0400


Started GET "/paul_files/rounded-include.js" for 127.0.0.1 at 2014-04-19 23:48:28 -0400

ActionController::RoutingError (No route matches [GET] "/paul_files/rounded-include.js"):
  actionpack (4.0.2) lib/action_dispatch/middleware/debug_exceptions.rb:21:in `call'
  actionpack (4.0.2) lib/action_dispatch/middleware/show_exceptions.rb:30:in `call'
  railties (4.0.2) lib/rails/rack/logger.rb:38:in `call_app'
  railties (4.0.2) lib/rails/rack/logger.rb:20:in `block in call'
  activesupport (4.0.2) lib/active_support/tagged_logging.rb:67:in `block in tagged'
  activesupport (4.0.2) lib/active_support/tagged_logging.rb:25:in `tagged'
  activesupport (4.0.2) lib/active_support/tagged_logging.rb:67:in `tagged'
  railties (4.0.2) lib/rails/rack/logger.rb:20:in `call'
  actionpack (4.0.2) lib/action_dispatch/middleware/request_id.rb:21:in `call'
  rack (1.5.2) lib/rack/methodoverride.rb:21:in `call'
  rack (1.5.2) lib/rack/runtime.rb:17:in `call'
  activesupport (4.0.2) lib/active_support/cache/strategy/local_cache.rb:83:in `call'
  rack (1.5.2) lib/rack/lock.rb:17:in `call'
  actionpack (4.0.2) lib/action_dispatch/middleware/static.rb:64:in `call'
  rack (1.5.2) lib/rack/sendfile.rb:112:in `call'
  railties (4.0.2) lib/rails/engine.rb:511:in `call'
  railties (4.0.2) lib/rails/application.rb:97:in `call'
  rack (1.5.2) lib/rack/lock.rb:17:in `call'
  rack (1.5.2) lib/rack/content_length.rb:14:in `call'
  rack (1.5.2) lib/rack/handler/webrick.rb:60:in `service'
  /Users/jmao/.rvm/rubies/ruby-2.0.0-p451/lib/ruby/2.0.0/webrick/httpserver.rb:138:in `service'
  /Users/jmao/.rvm/rubies/ruby-2.0.0-p451/lib/ruby/2.0.0/webrick/httpserver.rb:94:in `run'
  /Users/jmao/.rvm/rubies/ruby-2.0.0-p451/lib/ruby/2.0.0/webrick/server.rb:295:in `block in start_thread'


  Rendered /Users/jmao/.rvm/gems/ruby-2.0.0-p451@ivygate/gems/actionpack-4.0.2/lib/action_dispatch/middleware/templates/rescues/_trace.erb (0.8ms)
  Rendered /Users/jmao/.rvm/gems/ruby-2.0.0-p451@ivygate/gems/actionpack-4.0.2/lib/action_dispatch/middleware/templates/routes/_route.html.erb (0.7ms)
  Rendered /Users/jmao/.rvm/gems/ruby-2.0.0-p451@ivygate/gems/actionpack-4.0.2/lib/action_dispatch/middleware/templates/routes/_table.html.erb (5.4ms)
  Rendered /Users/jmao/.rvm/gems/ruby-2.0.0-p451@ivygate/gems/actionpack-4.0.2/lib/action_dispatch/middleware/templates/rescues/routing_error.erb within rescues/layout (26.1ms)


Started GET "/assets/searchCss.css?body=1" for 127.0.0.1 at 2014-04-19 23:48:28 -0400


Started GET "/assets/turbolinks.js?body=1" for 127.0.0.1 at 2014-04-19 23:48:28 -0400


Started GET "/assets/jquery_ujs.js?body=1" for 127.0.0.1 at 2014-04-19 23:48:28 -0400


Started GET "/assets/analytics.js?body=1" for 127.0.0.1 at 2014-04-19 23:48:28 -0400


Started GET "/assets/drop_down.js?body=1" for 127.0.0.1 at 2014-04-19 23:48:28 -0400


Started GET "/assets/header.js?body=1" for 127.0.0.1 at 2014-04-19 23:48:28 -0400


Started GET "/assets/jquery.curvycorners.packed.js?body=1" for 127.0.0.1 at 2014-04-19 23:48:28 -0400


Started GET "/assets/jquery.jcarousel.pack.js?body=1" for 127.0.0.1 at 2014-04-19 23:48:28 -0400


Started GET "/assets/swfobject.js?body=1" for 127.0.0.1 at 2014-04-19 23:48:28 -0400


Started GET "/assets/windowOnloadMgr.js?body=1" for 127.0.0.1 at 2014-04-19 23:48:28 -0400


Started GET "/assets/application.js?body=1" for 127.0.0.1 at 2014-04-19 23:48:28 -0400


Started GET "/" for 127.0.0.1 at 2014-04-19 23:49:25 -0400
Processing by HomeController#index as HTML
  Rendered home/_header.html (0.1ms)
  Rendered home/index.html.haml within layouts/application (1.8ms)
Completed 200 OK in 60ms (Views: 58.8ms | ActiveRecord: 0.0ms)


Started GET "/assets/application.css?body=1" for 127.0.0.1 at 2014-04-19 23:49:25 -0400


Started GET "/assets/header.css?body=1" for 127.0.0.1 at 2014-04-19 23:49:25 -0400


Started GET "/assets/custom_style.css?body=1" for 127.0.0.1 at 2014-04-19 23:49:25 -0400


Started GET "/assets/baseCss.css?body=1" for 127.0.0.1 at 2014-04-19 23:49:25 -0400


Started GET "/assets/focusCss.css?body=1" for 127.0.0.1 at 2014-04-19 23:49:25 -0400


Started GET "/assets/jquery.jcarousel.css?body=1" for 127.0.0.1 at 2014-04-19 23:49:25 -0400


Started GET "/assets/leftNavCss.css?body=1" for 127.0.0.1 at 2014-04-19 23:49:25 -0400


Started GET "/assets/searchCss.css?body=1" for 127.0.0.1 at 2014-04-19 23:49:25 -0400


Started GET "/assets/jquery.js?body=1" for 127.0.0.1 at 2014-04-19 23:49:25 -0400


Started GET "/assets/jquery_ujs.js?body=1" for 127.0.0.1 at 2014-04-19 23:49:25 -0400


Started GET "/assets/turbolinks.js?body=1" for 127.0.0.1 at 2014-04-19 23:49:25 -0400


Started GET "/assets/analytics.js?body=1" for 127.0.0.1 at 2014-04-19 23:49:25 -0400


Started GET "/assets/drop_down.js?body=1" for 127.0.0.1 at 2014-04-19 23:49:25 -0400


Started GET "/assets/header.js?body=1" for 127.0.0.1 at 2014-04-19 23:49:25 -0400


Started GET "/assets/jquery.jcarousel.pack.js?body=1" for 127.0.0.1 at 2014-04-19 23:49:25 -0400


Started GET "/assets/swfobject.js?body=1" for 127.0.0.1 at 2014-04-19 23:49:25 -0400


Started GET "/assets/jquery.curvycorners.packed.js?body=1" for 127.0.0.1 at 2014-04-19 23:49:25 -0400


Started GET "/assets/windowOnloadMgr.js?body=1" for 127.0.0.1 at 2014-04-19 23:49:25 -0400


Started GET "/assets/application.js?body=1" for 127.0.0.1 at 2014-04-19 23:49:25 -0400


Started GET "/paul_files/rounded-include.js" for 127.0.0.1 at 2014-04-19 23:49:25 -0400

ActionController::RoutingError (No route matches [GET] "/paul_files/rounded-include.js"):
  actionpack (4.0.2) lib/action_dispatch/middleware/debug_exceptions.rb:21:in `call'
  actionpack (4.0.2) lib/action_dispatch/middleware/show_exceptions.rb:30:in `call'
  railties (4.0.2) lib/rails/rack/logger.rb:38:in `call_app'
  railties (4.0.2) lib/rails/rack/logger.rb:20:in `block in call'
  activesupport (4.0.2) lib/active_support/tagged_logging.rb:67:in `block in tagged'
  activesupport (4.0.2) lib/active_support/tagged_logging.rb:25:in `tagged'
  activesupport (4.0.2) lib/active_support/tagged_logging.rb:67:in `tagged'
  railties (4.0.2) lib/rails/rack/logger.rb:20:in `call'
  actionpack (4.0.2) lib/action_dispatch/middleware/request_id.rb:21:in `call'
  rack (1.5.2) lib/rack/methodoverride.rb:21:in `call'
  rack (1.5.2) lib/rack/runtime.rb:17:in `call'
  activesupport (4.0.2) lib/active_support/cache/strategy/local_cache.rb:83:in `call'
  rack (1.5.2) lib/rack/lock.rb:17:in `call'
  actionpack (4.0.2) lib/action_dispatch/middleware/static.rb:64:in `call'
  rack (1.5.2) lib/rack/sendfile.rb:112:in `call'
  railties (4.0.2) lib/rails/engine.rb:511:in `call'
  railties (4.0.2) lib/rails/application.rb:97:in `call'
  rack (1.5.2) lib/rack/lock.rb:17:in `call'
  rack (1.5.2) lib/rack/content_length.rb:14:in `call'
  rack (1.5.2) lib/rack/handler/webrick.rb:60:in `service'
  /Users/jmao/.rvm/rubies/ruby-2.0.0-p451/lib/ruby/2.0.0/webrick/httpserver.rb:138:in `service'
  /Users/jmao/.rvm/rubies/ruby-2.0.0-p451/lib/ruby/2.0.0/webrick/httpserver.rb:94:in `run'
  /Users/jmao/.rvm/rubies/ruby-2.0.0-p451/lib/ruby/2.0.0/webrick/server.rb:295:in `block in start_thread'


  Rendered /Users/jmao/.rvm/gems/ruby-2.0.0-p451@ivygate/gems/actionpack-4.0.2/lib/action_dispatch/middleware/templates/rescues/_trace.erb (1.5ms)
  Rendered /Users/jmao/.rvm/gems/ruby-2.0.0-p451@ivygate/gems/actionpack-4.0.2/lib/action_dispatch/middleware/templates/routes/_route.html.erb (1.0ms)
  Rendered /Users/jmao/.rvm/gems/ruby-2.0.0-p451@ivygate/gems/actionpack-4.0.2/lib/action_dispatch/middleware/templates/routes/_table.html.erb (1.1ms)
  Rendered /Users/jmao/.rvm/gems/ruby-2.0.0-p451@ivygate/gems/actionpack-4.0.2/lib/action_dispatch/middleware/templates/rescues/routing_error.erb within rescues/layout (23.3ms)


Started GET "/" for 127.0.0.1 at 2014-04-19 23:49:41 -0400
Processing by HomeController#index as HTML
  Rendered home/_header.html (0.1ms)
  Rendered home/index.html.haml within layouts/application (1.3ms)
Completed 200 OK in 40ms (Views: 39.6ms | ActiveRecord: 0.0ms)


Started GET "/assets/application.css?body=1" for 127.0.0.1 at 2014-04-19 23:49:41 -0400


Started GET "/assets/baseCss.css?body=1" for 127.0.0.1 at 2014-04-19 23:49:41 -0400


Started GET "/assets/leftNavCss.css?body=1" for 127.0.0.1 at 2014-04-19 23:49:41 -0400


Started GET "/assets/jquery.jcarousel.css?body=1" for 127.0.0.1 at 2014-04-19 23:49:41 -0400


Started GET "/assets/header.css?body=1" for 127.0.0.1 at 2014-04-19 23:49:41 -0400


Started GET "/assets/custom_style.css?body=1" for 127.0.0.1 at 2014-04-19 23:49:41 -0400


Started GET "/assets/focusCss.css?body=1" for 127.0.0.1 at 2014-04-19 23:49:41 -0400


Started GET "/assets/searchCss.css?body=1" for 127.0.0.1 at 2014-04-19 23:49:41 -0400


Started GET "/assets/jquery.js?body=1" for 127.0.0.1 at 2014-04-19 23:49:41 -0400


Started GET "/assets/rounded-include.js?body=1" for 127.0.0.1 at 2014-04-19 23:49:41 -0400


Started GET "/assets/drop_down.js?body=1" for 127.0.0.1 at 2014-04-19 23:49:41 -0400


Started GET "/assets/jquery_ujs.js?body=1" for 127.0.0.1 at 2014-04-19 23:49:41 -0400


Started GET "/assets/turbolinks.js?body=1" for 127.0.0.1 at 2014-04-19 23:49:41 -0400


Started GET "/assets/analytics.js?body=1" for 127.0.0.1 at 2014-04-19 23:49:41 -0400


Started GET "/assets/header.js?body=1" for 127.0.0.1 at 2014-04-19 23:49:41 -0400


Started GET "/assets/jquery.jcarousel.pack.js?body=1" for 127.0.0.1 at 2014-04-19 23:49:41 -0400


Started GET "/assets/swfobject.js?body=1" for 127.0.0.1 at 2014-04-19 23:49:41 -0400


Started GET "/assets/windowOnloadMgr.js?body=1" for 127.0.0.1 at 2014-04-19 23:49:41 -0400


Started GET "/assets/jquery.curvycorners.packed.js?body=1" for 127.0.0.1 at 2014-04-19 23:49:41 -0400


Started GET "/assets/application.js?body=1" for 127.0.0.1 at 2014-04-19 23:49:41 -0400


Started GET "/paul_files/rounded-include.js" for 127.0.0.1 at 2014-04-19 23:49:41 -0400

ActionController::RoutingError (No route matches [GET] "/paul_files/rounded-include.js"):
  actionpack (4.0.2) lib/action_dispatch/middleware/debug_exceptions.rb:21:in `call'
  actionpack (4.0.2) lib/action_dispatch/middleware/show_exceptions.rb:30:in `call'
  railties (4.0.2) lib/rails/rack/logger.rb:38:in `call_app'
  railties (4.0.2) lib/rails/rack/logger.rb:20:in `block in call'
  activesupport (4.0.2) lib/active_support/tagged_logging.rb:67:in `block in tagged'
  activesupport (4.0.2) lib/active_support/tagged_logging.rb:25:in `tagged'
  activesupport (4.0.2) lib/active_support/tagged_logging.rb:67:in `tagged'
  railties (4.0.2) lib/rails/rack/logger.rb:20:in `call'
  actionpack (4.0.2) lib/action_dispatch/middleware/request_id.rb:21:in `call'
  rack (1.5.2) lib/rack/methodoverride.rb:21:in `call'
  rack (1.5.2) lib/rack/runtime.rb:17:in `call'
  activesupport (4.0.2) lib/active_support/cache/strategy/local_cache.rb:83:in `call'
  rack (1.5.2) lib/rack/lock.rb:17:in `call'
  actionpack (4.0.2) lib/action_dispatch/middleware/static.rb:64:in `call'
  rack (1.5.2) lib/rack/sendfile.rb:112:in `call'
  railties (4.0.2) lib/rails/engine.rb:511:in `call'
  railties (4.0.2) lib/rails/application.rb:97:in `call'
  rack (1.5.2) lib/rack/lock.rb:17:in `call'
  rack (1.5.2) lib/rack/content_length.rb:14:in `call'
  rack (1.5.2) lib/rack/handler/webrick.rb:60:in `service'
  /Users/jmao/.rvm/rubies/ruby-2.0.0-p451/lib/ruby/2.0.0/webrick/httpserver.rb:138:in `service'
  /Users/jmao/.rvm/rubies/ruby-2.0.0-p451/lib/ruby/2.0.0/webrick/httpserver.rb:94:in `run'
  /Users/jmao/.rvm/rubies/ruby-2.0.0-p451/lib/ruby/2.0.0/webrick/server.rb:295:in `block in start_thread'


  Rendered /Users/jmao/.rvm/gems/ruby-2.0.0-p451@ivygate/gems/actionpack-4.0.2/lib/action_dispatch/middleware/templates/rescues/_trace.erb (1.4ms)
  Rendered /Users/jmao/.rvm/gems/ruby-2.0.0-p451@ivygate/gems/actionpack-4.0.2/lib/action_dispatch/middleware/templates/routes/_route.html.erb (1.0ms)
  Rendered /Users/jmao/.rvm/gems/ruby-2.0.0-p451@ivygate/gems/actionpack-4.0.2/lib/action_dispatch/middleware/templates/routes/_table.html.erb (1.6ms)
  Rendered /Users/jmao/.rvm/gems/ruby-2.0.0-p451@ivygate/gems/actionpack-4.0.2/lib/action_dispatch/middleware/templates/rescues/routing_error.erb within rescues/layout (25.5ms)


Started GET "/" for 127.0.0.1 at 2014-04-19 23:50:11 -0400
Processing by HomeController#index as HTML
  Rendered home/_header.html (1.1ms)
  Rendered home/index.html.haml within layouts/application (2.3ms)
Completed 200 OK in 10ms (Views: 8.8ms | ActiveRecord: 0.0ms)


Started GET "/assets/application.css?body=1" for 127.0.0.1 at 2014-04-19 23:50:11 -0400


Started GET "/assets/focusCss.css?body=1" for 127.0.0.1 at 2014-04-19 23:50:11 -0400


Started GET "/assets/header.css?body=1" for 127.0.0.1 at 2014-04-19 23:50:11 -0400


Started GET "/assets/jquery.jcarousel.css?body=1" for 127.0.0.1 at 2014-04-19 23:50:11 -0400


Started GET "/assets/baseCss.css?body=1" for 127.0.0.1 at 2014-04-19 23:50:11 -0400


Started GET "/assets/custom_style.css?body=1" for 127.0.0.1 at 2014-04-19 23:50:11 -0400


Started GET "/assets/leftNavCss.css?body=1" for 127.0.0.1 at 2014-04-19 23:50:11 -0400


Started GET "/assets/searchCss.css?body=1" for 127.0.0.1 at 2014-04-19 23:50:11 -0400


Started GET "/assets/jquery.js?body=1" for 127.0.0.1 at 2014-04-19 23:50:11 -0400


Started GET "/assets/turbolinks.js?body=1" for 127.0.0.1 at 2014-04-19 23:50:11 -0400


Started GET "/assets/jquery_ujs.js?body=1" for 127.0.0.1 at 2014-04-19 23:50:11 -0400


Started GET "/assets/analytics.js?body=1" for 127.0.0.1 at 2014-04-19 23:50:11 -0400


Started GET "/assets/jquery.jcarousel.pack.js?body=1" for 127.0.0.1 at 2014-04-19 23:50:11 -0400


Started GET "/assets/rounded-include.js?body=1" for 127.0.0.1 at 2014-04-19 23:50:11 -0400


Started GET "/assets/header.js?body=1" for 127.0.0.1 at 2014-04-19 23:50:11 -0400


Started GET "/assets/jquery.curvycorners.packed.js?body=1" for 127.0.0.1 at 2014-04-19 23:50:11 -0400


Started GET "/assets/windowOnloadMgr.js?body=1" for 127.0.0.1 at 2014-04-19 23:50:11 -0400


Started GET "/assets/application.js?body=1" for 127.0.0.1 at 2014-04-19 23:50:11 -0400


Started GET "/assets/swfobject.js?body=1" for 127.0.0.1 at 2014-04-19 23:50:11 -0400


Started GET "/assets/drop_down.js?body=1" for 127.0.0.1 at 2014-04-19 23:50:11 -0400


Started GET "/" for 127.0.0.1 at 2014-04-19 23:54:26 -0400
Processing by HomeController#index as HTML
  Rendered home/_header.html (1.4ms)
  Rendered home/index.html.haml within layouts/application (3.4ms)
Completed 200 OK in 13ms (Views: 12.2ms | ActiveRecord: 0.0ms)


Started GET "/assets/application.css?body=1" for 127.0.0.1 at 2014-04-19 23:54:26 -0400


Started GET "/assets/custom_style.css?body=1" for 127.0.0.1 at 2014-04-19 23:54:26 -0400


Started GET "/assets/header.css?body=1" for 127.0.0.1 at 2014-04-19 23:54:26 -0400


Started GET "/assets/jquery.jcarousel.css?body=1" for 127.0.0.1 at 2014-04-19 23:54:26 -0400


Started GET "/assets/focusCss.css?body=1" for 127.0.0.1 at 2014-04-19 23:54:26 -0400


Started GET "/assets/baseCss.css?body=1" for 127.0.0.1 at 2014-04-19 23:54:26 -0400


Started GET "/assets/leftNavCss.css?body=1" for 127.0.0.1 at 2014-04-19 23:54:26 -0400


Started GET "/assets/jquery.js?body=1" for 127.0.0.1 at 2014-04-19 23:54:26 -0400


Started GET "/assets/searchCss.css?body=1" for 127.0.0.1 at 2014-04-19 23:54:26 -0400


Started GET "/assets/jquery_ujs.js?body=1" for 127.0.0.1 at 2014-04-19 23:54:26 -0400


Started GET "/assets/turbolinks.js?body=1" for 127.0.0.1 at 2014-04-19 23:54:26 -0400


Started GET "/assets/analytics.js?body=1" for 127.0.0.1 at 2014-04-19 23:54:26 -0400


Started GET "/assets/jquery.curvycorners.packed.js?body=1" for 127.0.0.1 at 2014-04-19 23:54:26 -0400


Started GET "/assets/drop_down.js?body=1" for 127.0.0.1 at 2014-04-19 23:54:26 -0400


Started GET "/assets/header.js?body=1" for 127.0.0.1 at 2014-04-19 23:54:26 -0400


Started GET "/assets/jquery.jcarousel.pack.js?body=1" for 127.0.0.1 at 2014-04-19 23:54:26 -0400


Started GET "/assets/rounded-include.js?body=1" for 127.0.0.1 at 2014-04-19 23:54:26 -0400


Started GET "/assets/swfobject.js?body=1" for 127.0.0.1 at 2014-04-19 23:54:26 -0400


Started GET "/assets/windowOnloadMgr.js?body=1" for 127.0.0.1 at 2014-04-19 23:54:26 -0400


Started GET "/assets/application.js?body=1" for 127.0.0.1 at 2014-04-19 23:54:26 -0400


Started GET "/" for 127.0.0.1 at 2014-04-19 23:57:38 -0400
Processing by HomeController#index as HTML
  Rendered home/_header.html (0.1ms)
  Rendered home/index.html.haml within layouts/application (1.3ms)
Completed 200 OK in 30ms (Views: 29.4ms | ActiveRecord: 0.0ms)


Started GET "/assets/application.css?body=1" for 127.0.0.1 at 2014-04-19 23:57:38 -0400


Started GET "/assets/focusCss.css?body=1" for 127.0.0.1 at 2014-04-19 23:57:38 -0400


Started GET "/assets/jquery.jcarousel.css?body=1" for 127.0.0.1 at 2014-04-19 23:57:38 -0400


Started GET "/assets/custom_style.css?body=1" for 127.0.0.1 at 2014-04-19 23:57:38 -0400


Started GET "/assets/header.css?body=1" for 127.0.0.1 at 2014-04-19 23:57:38 -0400


Started GET "/assets/baseCss.css?body=1" for 127.0.0.1 at 2014-04-19 23:57:38 -0400


Started GET "/assets/leftNavCss.css?body=1" for 127.0.0.1 at 2014-04-19 23:57:38 -0400


Started GET "/assets/searchCss.css?body=1" for 127.0.0.1 at 2014-04-19 23:57:38 -0400


Started GET "/assets/jquery.js?body=1" for 127.0.0.1 at 2014-04-19 23:57:38 -0400


Started GET "/assets/jquery_ujs.js?body=1" for 127.0.0.1 at 2014-04-19 23:57:38 -0400


Started GET "/assets/turbolinks.js?body=1" for 127.0.0.1 at 2014-04-19 23:57:38 -0400


Started GET "/assets/analytics.js?body=1" for 127.0.0.1 at 2014-04-19 23:57:38 -0400


Started GET "/assets/drop_down.js?body=1" for 127.0.0.1 at 2014-04-19 23:57:38 -0400


Started GET "/assets/header.js?body=1" for 127.0.0.1 at 2014-04-19 23:57:38 -0400


Started GET "/assets/jquery.curvycorners.packed.js?body=1" for 127.0.0.1 at 2014-04-19 23:57:38 -0400


Started GET "/assets/jquery.jcarousel.pack.js?body=1" for 127.0.0.1 at 2014-04-19 23:57:38 -0400


Started GET "/assets/rounded-include.js?body=1" for 127.0.0.1 at 2014-04-19 23:57:38 -0400


Started GET "/assets/swfobject.js?body=1" for 127.0.0.1 at 2014-04-19 23:57:38 -0400


Started GET "/assets/windowOnloadMgr.js?body=1" for 127.0.0.1 at 2014-04-19 23:57:38 -0400


Started GET "/assets/application.js?body=1" for 127.0.0.1 at 2014-04-19 23:57:38 -0400


Started GET "/assets/header.png" for 127.0.0.1 at 2014-04-19 23:57:38 -0400


Started GET "/" for 127.0.0.1 at 2014-04-19 23:59:14 -0400
Processing by HomeController#index as HTML
  Rendered home/_header.html (0.1ms)
  Rendered home/index.html.haml within layouts/application (1.3ms)
Completed 200 OK in 25ms (Views: 24.7ms | ActiveRecord: 0.0ms)


Started GET "/assets/application.css?body=1" for 127.0.0.1 at 2014-04-19 23:59:14 -0400


Started GET "/assets/baseCss.css?body=1" for 127.0.0.1 at 2014-04-19 23:59:14 -0400


Started GET "/assets/jquery.jcarousel.css?body=1" for 127.0.0.1 at 2014-04-19 23:59:14 -0400


Started GET "/assets/focusCss.css?body=1" for 127.0.0.1 at 2014-04-19 23:59:14 -0400


Started GET "/assets/header.css?body=1" for 127.0.0.1 at 2014-04-19 23:59:14 -0400


Started GET "/assets/custom_style.css?body=1" for 127.0.0.1 at 2014-04-19 23:59:14 -0400


Started GET "/assets/leftNavCss.css?body=1" for 127.0.0.1 at 2014-04-19 23:59:14 -0400


Started GET "/assets/searchCss.css?body=1" for 127.0.0.1 at 2014-04-19 23:59:14 -0400


Started GET "/assets/jquery.js?body=1" for 127.0.0.1 at 2014-04-19 23:59:14 -0400


Started GET "/assets/jquery_ujs.js?body=1" for 127.0.0.1 at 2014-04-19 23:59:14 -0400


Started GET "/assets/turbolinks.js?body=1" for 127.0.0.1 at 2014-04-19 23:59:14 -0400


Started GET "/assets/analytics.js?body=1" for 127.0.0.1 at 2014-04-19 23:59:14 -0400


Started GET "/assets/drop_down.js?body=1" for 127.0.0.1 at 2014-04-19 23:59:14 -0400


Started GET "/assets/header.js?body=1" for 127.0.0.1 at 2014-04-19 23:59:14 -0400


Started GET "/assets/jquery.curvycorners.packed.js?body=1" for 127.0.0.1 at 2014-04-19 23:59:14 -0400


Started GET "/assets/jquery.jcarousel.pack.js?body=1" for 127.0.0.1 at 2014-04-19 23:59:14 -0400


Started GET "/assets/swfobject.js?body=1" for 127.0.0.1 at 2014-04-19 23:59:14 -0400


Started GET "/assets/rounded-include.js?body=1" for 127.0.0.1 at 2014-04-19 23:59:14 -0400


Started GET "/assets/windowOnloadMgr.js?body=1" for 127.0.0.1 at 2014-04-19 23:59:14 -0400


Started GET "/assets/application.js?body=1" for 127.0.0.1 at 2014-04-19 23:59:14 -0400


Started GET "/" for 127.0.0.1 at 2014-04-20 00:02:10 -0400
Processing by HomeController#index as HTML
  Rendered home/_header.html (0.1ms)
  Rendered home/_leftnav.html (0.4ms)
  Rendered home/index.html.haml within layouts/application (3.5ms)
Completed 200 OK in 11ms (Views: 10.2ms | ActiveRecord: 0.0ms)


Started GET "/assets/application.css?body=1" for 127.0.0.1 at 2014-04-20 00:02:11 -0400


Started GET "/assets/custom_style.css?body=1" for 127.0.0.1 at 2014-04-20 00:02:11 -0400


Started GET "/assets/baseCss.css?body=1" for 127.0.0.1 at 2014-04-20 00:02:11 -0400


Started GET "/assets/focusCss.css?body=1" for 127.0.0.1 at 2014-04-20 00:02:11 -0400


Started GET "/assets/header.css?body=1" for 127.0.0.1 at 2014-04-20 00:02:11 -0400


Started GET "/assets/jquery.jcarousel.css?body=1" for 127.0.0.1 at 2014-04-20 00:02:11 -0400


Started GET "/assets/leftNavCss.css?body=1" for 127.0.0.1 at 2014-04-20 00:02:11 -0400


Started GET "/assets/searchCss.css?body=1" for 127.0.0.1 at 2014-04-20 00:02:11 -0400


Started GET "/assets/jquery.js?body=1" for 127.0.0.1 at 2014-04-20 00:02:11 -0400


Started GET "/assets/jquery_ujs.js?body=1" for 127.0.0.1 at 2014-04-20 00:02:11 -0400


Started GET "/paul_files/navFlyout.js" for 127.0.0.1 at 2014-04-20 00:02:11 -0400

ActionController::RoutingError (No route matches [GET] "/paul_files/navFlyout.js"):
  actionpack (4.0.2) lib/action_dispatch/middleware/debug_exceptions.rb:21:in `call'
  actionpack (4.0.2) lib/action_dispatch/middleware/show_exceptions.rb:30:in `call'
  railties (4.0.2) lib/rails/rack/logger.rb:38:in `call_app'
  railties (4.0.2) lib/rails/rack/logger.rb:20:in `block in call'
  activesupport (4.0.2) lib/active_support/tagged_logging.rb:67:in `block in tagged'
  activesupport (4.0.2) lib/active_support/tagged_logging.rb:25:in `tagged'
  activesupport (4.0.2) lib/active_support/tagged_logging.rb:67:in `tagged'
  railties (4.0.2) lib/rails/rack/logger.rb:20:in `call'
  actionpack (4.0.2) lib/action_dispatch/middleware/request_id.rb:21:in `call'
  rack (1.5.2) lib/rack/methodoverride.rb:21:in `call'
  rack (1.5.2) lib/rack/runtime.rb:17:in `call'
  activesupport (4.0.2) lib/active_support/cache/strategy/local_cache.rb:83:in `call'
  rack (1.5.2) lib/rack/lock.rb:17:in `call'
  actionpack (4.0.2) lib/action_dispatch/middleware/static.rb:64:in `call'
  rack (1.5.2) lib/rack/sendfile.rb:112:in `call'
  railties (4.0.2) lib/rails/engine.rb:511:in `call'
  railties (4.0.2) lib/rails/application.rb:97:in `call'
  rack (1.5.2) lib/rack/lock.rb:17:in `call'
  rack (1.5.2) lib/rack/content_length.rb:14:in `call'
  rack (1.5.2) lib/rack/handler/webrick.rb:60:in `service'
  /Users/jmao/.rvm/rubies/ruby-2.0.0-p451/lib/ruby/2.0.0/webrick/httpserver.rb:138:in `service'
  /Users/jmao/.rvm/rubies/ruby-2.0.0-p451/lib/ruby/2.0.0/webrick/httpserver.rb:94:in `run'
  /Users/jmao/.rvm/rubies/ruby-2.0.0-p451/lib/ruby/2.0.0/webrick/server.rb:295:in `block in start_thread'


  Rendered /Users/jmao/.rvm/gems/ruby-2.0.0-p451@ivygate/gems/actionpack-4.0.2/lib/action_dispatch/middleware/templates/rescues/_trace.erb (1.6ms)
  Rendered /Users/jmao/.rvm/gems/ruby-2.0.0-p451@ivygate/gems/actionpack-4.0.2/lib/action_dispatch/middleware/templates/routes/_route.html.erb (0.8ms)
  Rendered /Users/jmao/.rvm/gems/ruby-2.0.0-p451@ivygate/gems/actionpack-4.0.2/lib/action_dispatch/middleware/templates/routes/_table.html.erb (1.6ms)
  Rendered /Users/jmao/.rvm/gems/ruby-2.0.0-p451@ivygate/gems/actionpack-4.0.2/lib/action_dispatch/middleware/templates/rescues/routing_error.erb within rescues/layout (20.9ms)


Started GET "/assets/turbolinks.js?body=1" for 127.0.0.1 at 2014-04-20 00:02:11 -0400


Started GET "/assets/drop_down.js?body=1" for 127.0.0.1 at 2014-04-20 00:02:11 -0400


Started GET "/assets/analytics.js?body=1" for 127.0.0.1 at 2014-04-20 00:02:11 -0400


Started GET "/assets/jquery.curvycorners.packed.js?body=1" for 127.0.0.1 at 2014-04-20 00:02:11 -0400


Started GET "/assets/windowOnloadMgr.js?body=1" for 127.0.0.1 at 2014-04-20 00:02:11 -0400


Started GET "/assets/header.js?body=1" for 127.0.0.1 at 2014-04-20 00:02:11 -0400


Started GET "/assets/application.js?body=1" for 127.0.0.1 at 2014-04-20 00:02:11 -0400


Started GET "/assets/jquery.jcarousel.pack.js?body=1" for 127.0.0.1 at 2014-04-20 00:02:11 -0400


Started GET "/assets/rounded-include.js?body=1" for 127.0.0.1 at 2014-04-20 00:02:11 -0400


Started GET "/assets/swfobject.js?body=1" for 127.0.0.1 at 2014-04-20 00:02:11 -0400


Started GET "/" for 127.0.0.1 at 2014-04-20 00:03:34 -0400
Processing by HomeController#index as HTML
  Rendered home/_header.html (0.1ms)
  Rendered home/_leftnav.html (0.4ms)
  Rendered home/index.html.haml within layouts/application (2.4ms)
Completed 200 OK in 81ms (Views: 80.2ms | ActiveRecord: 0.0ms)


Started GET "/assets/application.css?body=1" for 127.0.0.1 at 2014-04-20 00:03:35 -0400


Started GET "/assets/baseCss.css?body=1" for 127.0.0.1 at 2014-04-20 00:03:35 -0400


Started GET "/assets/header.css?body=1" for 127.0.0.1 at 2014-04-20 00:03:35 -0400


Started GET "/assets/custom_style.css?body=1" for 127.0.0.1 at 2014-04-20 00:03:35 -0400


Started GET "/assets/focusCss.css?body=1" for 127.0.0.1 at 2014-04-20 00:03:35 -0400


Started GET "/assets/jquery.jcarousel.css?body=1" for 127.0.0.1 at 2014-04-20 00:03:35 -0400


Started GET "/assets/leftNavCss.css?body=1" for 127.0.0.1 at 2014-04-20 00:03:35 -0400


Started GET "/assets/searchCss.css?body=1" for 127.0.0.1 at 2014-04-20 00:03:35 -0400


Started GET "/assets/jquery.js?body=1" for 127.0.0.1 at 2014-04-20 00:03:35 -0400


Started GET "/assets/jquery_ujs.js?body=1" for 127.0.0.1 at 2014-04-20 00:03:35 -0400


Started GET "/assets/analytics.js?body=1" for 127.0.0.1 at 2014-04-20 00:03:35 -0400


Started GET "/assets/turbolinks.js?body=1" for 127.0.0.1 at 2014-04-20 00:03:35 -0400


Started GET "/assets/navFlyout.js?body=1" for 127.0.0.1 at 2014-04-20 00:03:35 -0400


Started GET "/assets/drop_down.js?body=1" for 127.0.0.1 at 2014-04-20 00:03:35 -0400


Started GET "/assets/header.js?body=1" for 127.0.0.1 at 2014-04-20 00:03:35 -0400


Started GET "/assets/jquery.curvycorners.packed.js?body=1" for 127.0.0.1 at 2014-04-20 00:03:35 -0400


Started GET "/assets/jquery.jcarousel.pack.js?body=1" for 127.0.0.1 at 2014-04-20 00:03:35 -0400


Started GET "/assets/rounded-include.js?body=1" for 127.0.0.1 at 2014-04-20 00:03:35 -0400


Started GET "/assets/windowOnloadMgr.js?body=1" for 127.0.0.1 at 2014-04-20 00:03:35 -0400


Started GET "/assets/swfobject.js?body=1" for 127.0.0.1 at 2014-04-20 00:03:35 -0400


Started GET "/assets/application.js?body=1" for 127.0.0.1 at 2014-04-20 00:03:35 -0400


Started GET "/" for 127.0.0.1 at 2014-04-20 00:05:19 -0400
Processing by HomeController#index as HTML
  Rendered home/_header.html (0.1ms)
  Rendered home/_leftnav.html (0.0ms)
  Rendered home/index.html.haml within layouts/application (2.0ms)
Completed 200 OK in 9ms (Views: 8.5ms | ActiveRecord: 0.0ms)


Started GET "/assets/application.css?body=1" for 127.0.0.1 at 2014-04-20 00:05:19 -0400


Started GET "/assets/header.css?body=1" for 127.0.0.1 at 2014-04-20 00:05:19 -0400


Started GET "/assets/baseCss.css?body=1" for 127.0.0.1 at 2014-04-20 00:05:19 -0400


Started GET "/assets/focusCss.css?body=1" for 127.0.0.1 at 2014-04-20 00:05:19 -0400


Started GET "/assets/custom_style.css?body=1" for 127.0.0.1 at 2014-04-20 00:05:19 -0400


Started GET "/assets/jquery.jcarousel.css?body=1" for 127.0.0.1 at 2014-04-20 00:05:19 -0400


Started GET "/assets/leftNavCss.css?body=1" for 127.0.0.1 at 2014-04-20 00:05:19 -0400


Started GET "/assets/searchCss.css?body=1" for 127.0.0.1 at 2014-04-20 00:05:19 -0400


Started GET "/assets/jquery_ujs.js?body=1" for 127.0.0.1 at 2014-04-20 00:05:19 -0400


Started GET "/assets/jquery.js?body=1" for 127.0.0.1 at 2014-04-20 00:05:19 -0400


Started GET "/assets/turbolinks.js?body=1" for 127.0.0.1 at 2014-04-20 00:05:19 -0400


Started GET "/assets/analytics.js?body=1" for 127.0.0.1 at 2014-04-20 00:05:19 -0400


Started GET "/assets/drop_down.js?body=1" for 127.0.0.1 at 2014-04-20 00:05:19 -0400


Started GET "/assets/jquery.curvycorners.packed.js?body=1" for 127.0.0.1 at 2014-04-20 00:05:19 -0400


Started GET "/assets/header.js?body=1" for 127.0.0.1 at 2014-04-20 00:05:19 -0400


Started GET "/assets/jquery.jcarousel.pack.js?body=1" for 127.0.0.1 at 2014-04-20 00:05:19 -0400


Started GET "/assets/rounded-include.js?body=1" for 127.0.0.1 at 2014-04-20 00:05:19 -0400


Started GET "/assets/navFlyout.js?body=1" for 127.0.0.1 at 2014-04-20 00:05:19 -0400


Started GET "/assets/windowOnloadMgr.js?body=1" for 127.0.0.1 at 2014-04-20 00:05:19 -0400


Started GET "/assets/swfobject.js?body=1" for 127.0.0.1 at 2014-04-20 00:05:19 -0400


Started GET "/assets/application.js?body=1" for 127.0.0.1 at 2014-04-20 00:05:19 -0400


Started GET "/" for 127.0.0.1 at 2014-04-20 00:05:51 -0400
Processing by HomeController#index as HTML
  Rendered home/_header.html (0.1ms)
  Rendered home/_leftnav.html (0.0ms)
  Rendered home/index.html.haml within layouts/application (2.2ms)
Completed 200 OK in 54ms (Views: 53.0ms | ActiveRecord: 0.0ms)


Started GET "/assets/application.css?body=1" for 127.0.0.1 at 2014-04-20 00:05:51 -0400


Started GET "/assets/focusCss.css?body=1" for 127.0.0.1 at 2014-04-20 00:05:51 -0400


Started GET "/assets/baseCss.css?body=1" for 127.0.0.1 at 2014-04-20 00:05:51 -0400


Started GET "/assets/custom_style.css?body=1" for 127.0.0.1 at 2014-04-20 00:05:51 -0400


Started GET "/assets/header.css?body=1" for 127.0.0.1 at 2014-04-20 00:05:51 -0400


Started GET "/assets/leftNavCss.css?body=1" for 127.0.0.1 at 2014-04-20 00:05:51 -0400


Started GET "/assets/jquery.jcarousel.css?body=1" for 127.0.0.1 at 2014-04-20 00:05:51 -0400


Started GET "/assets/searchCss.css?body=1" for 127.0.0.1 at 2014-04-20 00:05:51 -0400


Started GET "/assets/jquery.js?body=1" for 127.0.0.1 at 2014-04-20 00:05:51 -0400


Started GET "/assets/turbolinks.js?body=1" for 127.0.0.1 at 2014-04-20 00:05:51 -0400


Started GET "/assets/jquery_ujs.js?body=1" for 127.0.0.1 at 2014-04-20 00:05:51 -0400


Started GET "/assets/analytics.js?body=1" for 127.0.0.1 at 2014-04-20 00:05:51 -0400


Started GET "/assets/drop_down.js?body=1" for 127.0.0.1 at 2014-04-20 00:05:51 -0400


Started GET "/assets/header.js?body=1" for 127.0.0.1 at 2014-04-20 00:05:51 -0400


Started GET "/assets/jquery.curvycorners.packed.js?body=1" for 127.0.0.1 at 2014-04-20 00:05:51 -0400


Started GET "/assets/jquery.jcarousel.pack.js?body=1" for 127.0.0.1 at 2014-04-20 00:05:51 -0400


Started GET "/assets/rounded-include.js?body=1" for 127.0.0.1 at 2014-04-20 00:05:51 -0400


Started GET "/assets/swfobject.js?body=1" for 127.0.0.1 at 2014-04-20 00:05:51 -0400


Started GET "/assets/windowOnloadMgr.js?body=1" for 127.0.0.1 at 2014-04-20 00:05:51 -0400


Started GET "/assets/application.js?body=1" for 127.0.0.1 at 2014-04-20 00:05:51 -0400
